<?xml version="1.0" encoding="UTF-8"?>
<!-- Generated by org.testng.reporters.JUnitReportReporter -->
<testsuite hostname="Romario" failures="0" tests="1" name="com.testCases.FWA_099" time="21.495" errors="0" timestamp="2023-02-10T18:30:36 GMT-05:00" skipped="0">
  <testcase classname="com.testCases.FWA_099" name="FWA_099" time="21.495"/>
  <system-out/>
</testsuite> <!-- com.testCases.FWA_099 -->
